[2019-01-17T13:37:06.032] [DEBUG] cheese - login => username:admin,password:123456
[2019-01-17T13:37:06.038] [DEBUG] cheese - admin
[2019-01-17T13:37:06.106] [DEBUG] cheese - null
[2019-01-17T13:37:06.107] [DEBUG] cheese - null
[2019-01-17T14:20:08.462] [DEBUG] cheese - login => username:admin,password:123456
[2019-01-17T14:20:08.469] [DEBUG] cheese - admin
[2019-01-17T14:20:08.578] [DEBUG] cheese - null
[2019-01-17T14:20:08.578] [DEBUG] cheese - null
[2019-01-17T17:01:27.222] [DEBUG] cheese - login => username:admin,password:123456
[2019-01-17T17:01:27.235] [DEBUG] cheese - admin
[2019-01-17T17:01:27.298] [DEBUG] cheese - null
[2019-01-17T17:01:27.298] [DEBUG] cheese - null
[2019-01-18T12:29:11.894] [DEBUG] cheese - login => username:admin,password:123456
[2019-01-18T12:29:11.899] [DEBUG] cheese - admin
[2019-01-18T12:29:11.968] [DEBUG] cheese - null
[2019-01-18T12:29:11.968] [DEBUG] cheese - null
[2019-01-18T13:49:14.940] [DEBUG] cheese - login => username:admin,password:123456
[2019-01-18T13:49:14.941] [DEBUG] cheese - admin
[2019-01-18T13:49:14.961] [DEBUG] cheese - null
[2019-01-18T13:49:14.961] [DEBUG] cheese - null
[2019-01-18T15:56:10.107] [DEBUG] cheese - login => username:admin,password:123456
[2019-01-18T15:56:10.108] [DEBUG] cheese - admin
[2019-01-18T15:56:10.118] [DEBUG] cheese - null
[2019-01-18T15:56:10.118] [DEBUG] cheese - null
[2019-01-18T16:08:34.171] [DEBUG] cheese - login => username:admin,password:123456
[2019-01-18T16:08:34.171] [DEBUG] cheese - admin
[2019-01-18T16:08:34.180] [DEBUG] cheese - null
[2019-01-18T16:08:34.181] [DEBUG] cheese - null
[2019-01-25T16:08:48.342] [DEBUG] cheese - login => username:admin,password:123456
[2019-01-25T16:08:48.344] [DEBUG] cheese - admin
[2019-01-25T16:08:48.396] [DEBUG] cheese - null
[2019-01-25T16:08:48.396] [DEBUG] cheese - null
[2019-01-25T16:09:03.475] [DEBUG] cheese - login => username:admin,password:123456
[2019-01-25T16:09:03.475] [DEBUG] cheese - admin
[2019-01-25T16:09:03.480] [DEBUG] cheese - null
[2019-01-25T16:09:03.481] [DEBUG] cheese - null
[2019-01-25T16:13:44.174] [DEBUG] cheese - login => username:admin,password:123456
[2019-01-25T16:13:44.175] [DEBUG] cheese - admin
[2019-01-25T16:13:44.181] [DEBUG] cheese - null
[2019-01-25T16:13:44.181] [DEBUG] cheese - null
[2019-01-25T21:58:59.599] [DEBUG] cheese - login => username:admin,password:123456
[2019-01-25T21:58:59.614] [DEBUG] cheese - admin
[2019-01-25T21:58:59.622] [DEBUG] cheese - null
[2019-01-25T21:58:59.622] [DEBUG] cheese - null
[2019-01-25T22:14:08.283] [DEBUG] cheese - login => username:admin,password:123456
[2019-01-25T22:14:08.283] [DEBUG] cheese - admin
[2019-01-25T22:14:08.287] [DEBUG] cheese - null
[2019-01-25T22:14:08.287] [DEBUG] cheese - null
[2019-01-26T11:40:47.817] [DEBUG] cheese - login => username:admin,password:123456
[2019-01-26T11:40:47.831] [DEBUG] cheese - admin
[2019-01-26T11:40:47.841] [DEBUG] cheese - null
[2019-01-26T11:40:47.842] [DEBUG] cheese - null
[2019-01-26T17:41:36.269] [DEBUG] cheese - login => username:admin,password:123456
[2019-01-26T17:41:36.308] [DEBUG] cheese - admin
[2019-01-26T17:41:36.328] [DEBUG] cheese - null
[2019-01-26T17:41:36.329] [DEBUG] cheese - null
[2019-01-26T18:47:35.764] [DEBUG] cheese - login => username:admin,password:123456
[2019-01-26T18:47:35.764] [DEBUG] cheese - admin
[2019-01-26T18:47:35.779] [DEBUG] cheese - null
[2019-01-26T18:47:35.780] [DEBUG] cheese - null
[2019-01-26T18:48:27.733] [DEBUG] cheese - login => username:admin,password:123456
[2019-01-26T18:48:27.733] [DEBUG] cheese - admin
[2019-01-26T18:48:27.747] [DEBUG] cheese - null
[2019-01-26T18:48:27.747] [DEBUG] cheese - null
[2019-01-27T12:28:24.022] [DEBUG] cheese - login => username:admin,password:123456
[2019-01-27T12:28:24.028] [DEBUG] cheese - admin
[2019-01-27T12:28:24.071] [DEBUG] cheese - null
[2019-01-27T12:28:24.072] [DEBUG] cheese - null
[2019-01-27T13:54:07.248] [DEBUG] cheese - login => username:admin,password:123456
[2019-01-27T13:54:07.248] [DEBUG] cheese - admin
[2019-01-27T13:54:07.257] [DEBUG] cheese - null
[2019-01-27T13:54:07.258] [DEBUG] cheese - null
[2019-01-27T13:59:42.987] [DEBUG] cheese - login => username:admin,password:123456
[2019-01-27T13:59:42.988] [DEBUG] cheese - admin
[2019-01-27T13:59:42.996] [DEBUG] cheese - null
[2019-01-27T13:59:42.996] [DEBUG] cheese - null
[2019-01-27T14:19:54.747] [DEBUG] cheese - login => username:admin,password:123456
[2019-01-27T14:19:54.748] [DEBUG] cheese - admin
[2019-01-27T14:19:54.756] [DEBUG] cheese - null
[2019-01-27T14:19:54.756] [DEBUG] cheese - null
[2019-01-27T20:20:05.301] [DEBUG] cheese - login => username:admin,password:123456
[2019-01-27T20:20:05.314] [DEBUG] cheese - admin
[2019-01-27T20:20:05.346] [DEBUG] cheese - null
[2019-01-27T20:20:05.346] [DEBUG] cheese - null
[2019-01-27T21:43:11.730] [DEBUG] cheese - login => username:admin,password:123456
[2019-01-27T21:43:11.731] [DEBUG] cheese - admin
[2019-01-27T21:43:11.740] [DEBUG] cheese - null
[2019-01-27T21:43:11.740] [DEBUG] cheese - null
[2019-01-27T22:56:51.279] [DEBUG] cheese - null
[2019-01-27T22:56:53.539] [DEBUG] cheese - null
[2019-01-27T22:56:56.085] [DEBUG] cheese - null
[2019-01-27T23:03:59.433] [DEBUG] cheese - null
[2019-01-27T23:04:02.825] [DEBUG] cheese - null
[2019-02-14T20:34:18.467] [DEBUG] cheese - login => username:admin,password:123456
[2019-02-14T20:34:18.469] [DEBUG] cheese - admin
[2019-02-14T20:34:19.021] [DEBUG] cheese - null
[2019-02-14T20:34:19.021] [DEBUG] cheese - null
[2019-02-14T20:36:30.523] [DEBUG] cheese - login => username:admin,password:123456
[2019-02-14T20:36:30.523] [DEBUG] cheese - admin
[2019-02-14T20:36:30.527] [DEBUG] cheese - null
[2019-02-14T20:36:30.527] [DEBUG] cheese - null
[2019-02-14T20:43:05.797] [DEBUG] cheese - null
[2019-02-14T20:54:23.486] [DEBUG] cheese - login => username:admin,password:123456
[2019-02-14T20:54:23.486] [DEBUG] cheese - admin
[2019-02-14T20:54:23.492] [DEBUG] cheese - null
[2019-02-14T20:54:23.492] [DEBUG] cheese - null
[2019-02-14T21:13:19.429] [DEBUG] cheese - login => username:admin,password:123456
[2019-02-14T21:13:19.429] [DEBUG] cheese - admin
[2019-02-14T21:13:19.433] [DEBUG] cheese - null
[2019-02-14T21:13:19.434] [DEBUG] cheese - null
[2019-02-15T21:47:16.459] [DEBUG] cheese - login => username:admin ,password:123456
[2019-02-15T21:47:16.462] [DEBUG] cheese - admin 
[2019-02-15T21:47:16.507] [DEBUG] cheese - null
[2019-02-15T21:47:16.507] [DEBUG] cheese - null
[2019-02-15T21:48:11.756] [DEBUG] cheese - login => username:root,password:123456
[2019-02-15T21:48:11.756] [DEBUG] cheese - root
[2019-02-15T21:48:11.760] [DEBUG] cheese - null
[2019-02-15T21:48:11.760] [DEBUG] cheese - null
[2019-02-15T21:48:28.742] [DEBUG] cheese - login => username:admin,password:123456
[2019-02-15T21:48:28.742] [DEBUG] cheese - admin
[2019-02-15T21:48:28.747] [DEBUG] cheese - null
[2019-02-15T21:48:28.747] [DEBUG] cheese - null
[2019-02-15T21:48:44.659] [DEBUG] cheese - login => username:root,password:123456
[2019-02-15T21:48:44.659] [DEBUG] cheese - root
[2019-02-15T21:48:44.664] [DEBUG] cheese - null
[2019-02-15T21:48:44.664] [DEBUG] cheese - null
[2019-02-15T21:48:45.768] [DEBUG] cheese - login => username:root,password:123456
[2019-02-15T21:48:45.768] [DEBUG] cheese - root
[2019-02-15T21:48:45.773] [DEBUG] cheese - null
[2019-02-15T21:48:45.773] [DEBUG] cheese - null
[2019-02-15T21:48:46.268] [DEBUG] cheese - login => username:root,password:123456
[2019-02-15T21:48:46.268] [DEBUG] cheese - root
[2019-02-15T21:48:46.273] [DEBUG] cheese - null
[2019-02-15T21:48:46.273] [DEBUG] cheese - null
[2019-02-15T21:48:46.456] [DEBUG] cheese - login => username:root,password:123456
[2019-02-15T21:48:46.456] [DEBUG] cheese - root
[2019-02-15T21:48:46.460] [DEBUG] cheese - null
[2019-02-15T21:48:46.460] [DEBUG] cheese - null
[2019-02-15T21:48:46.702] [DEBUG] cheese - login => username:root,password:123456
[2019-02-15T21:48:46.703] [DEBUG] cheese - root
[2019-02-15T21:48:46.707] [DEBUG] cheese - null
[2019-02-15T21:48:46.707] [DEBUG] cheese - null
[2019-02-15T21:48:47.215] [DEBUG] cheese - login => username:root,password:123456
[2019-02-15T21:48:47.215] [DEBUG] cheese - root
[2019-02-15T21:48:47.226] [DEBUG] cheese - null
[2019-02-15T21:48:47.226] [DEBUG] cheese - null
[2019-02-15T21:48:51.650] [DEBUG] cheese - login => username:root,password:123456
[2019-02-15T21:48:51.650] [DEBUG] cheese - root
[2019-02-15T21:48:51.656] [DEBUG] cheese - null
[2019-02-15T21:48:51.656] [DEBUG] cheese - null
[2019-02-15T21:48:58.783] [DEBUG] cheese - login => username:admin,password:123456
[2019-02-15T21:48:58.783] [DEBUG] cheese - admin
[2019-02-15T21:48:58.787] [DEBUG] cheese - null
[2019-02-15T21:48:58.787] [DEBUG] cheese - null
[2019-02-15T21:49:45.020] [DEBUG] cheese - login => username:root,password:123456
[2019-02-15T21:49:45.021] [DEBUG] cheese - root
[2019-02-15T21:49:45.035] [DEBUG] cheese - null
[2019-02-15T21:49:45.035] [DEBUG] cheese - null
[2019-02-15T21:49:51.901] [DEBUG] cheese - null
[2019-02-15T21:49:51.907] [DEBUG] cheese - null
[2019-02-15T22:19:51.233] [DEBUG] cheese - login => username:root,password:123456
[2019-02-15T22:19:51.234] [DEBUG] cheese - root
[2019-02-15T22:19:51.243] [DEBUG] cheese - null
[2019-02-15T22:19:51.244] [DEBUG] cheese - null
[2019-02-15T22:20:08.741] [DEBUG] cheese - login => username:admin,password:123456
[2019-02-15T22:20:08.741] [DEBUG] cheese - admin
[2019-02-15T22:20:08.744] [DEBUG] cheese - null
[2019-02-15T22:20:08.744] [DEBUG] cheese - null
[2019-02-15T22:36:40.518] [DEBUG] cheese - login => username:admin,password:123456
[2019-02-15T22:36:40.519] [DEBUG] cheese - admin
[2019-02-15T22:36:40.526] [DEBUG] cheese - null
[2019-02-15T22:36:40.526] [DEBUG] cheese - null
[2019-02-15T22:36:52.165] [DEBUG] cheese - login => username:root,password:123456
[2019-02-15T22:36:52.165] [DEBUG] cheese - root
[2019-02-15T22:36:52.168] [DEBUG] cheese - null
[2019-02-15T22:36:52.168] [DEBUG] cheese - null
[2019-02-15T22:37:12.734] [DEBUG] cheese - login => username:rot,password:12333456
[2019-02-15T22:37:12.734] [DEBUG] cheese - rot
[2019-02-15T22:37:12.737] [DEBUG] cheese - null
[2019-02-15T22:37:12.737] [DEBUG] cheese - null
[2019-02-16T12:12:38.183] [DEBUG] cheese - login => username:admin,password:123456
[2019-02-16T12:12:38.187] [DEBUG] cheese - admin
[2019-02-16T12:12:38.235] [DEBUG] cheese - null
[2019-02-16T12:12:38.236] [DEBUG] cheese - null
[2019-02-16T14:20:03.570] [DEBUG] cheese - login => username:admin,password:123456
[2019-02-16T14:20:03.572] [DEBUG] cheese - admin
[2019-02-16T14:20:03.592] [DEBUG] cheese - null
[2019-02-16T14:20:03.592] [DEBUG] cheese - null
[2019-02-16T15:51:26.220] [DEBUG] cheese - login => username:admin,password:123456
[2019-02-16T15:51:26.221] [DEBUG] cheese - admin
[2019-02-16T15:51:26.226] [DEBUG] cheese - null
[2019-02-16T15:51:26.226] [DEBUG] cheese - null
[2019-02-18T16:03:11.628] [DEBUG] cheese - login => username:admin,password:123456
[2019-02-18T16:03:11.631] [DEBUG] cheese - admin
[2019-02-18T16:03:11.803] [DEBUG] cheese - null
[2019-02-18T16:03:11.803] [DEBUG] cheese - null
[2019-02-18T18:49:31.899] [DEBUG] cheese - login => username:admin,password:123456
[2019-02-18T18:49:31.900] [DEBUG] cheese - admin
[2019-02-18T18:49:31.915] [DEBUG] cheese - null
[2019-02-18T18:49:31.915] [DEBUG] cheese - null
[2019-02-21T10:28:28.642] [DEBUG] cheese - login => username:admin,password:123456
[2019-02-21T10:28:28.644] [DEBUG] cheese - admin
[2019-02-21T10:28:28.700] [DEBUG] cheese - null
[2019-02-21T10:28:28.701] [DEBUG] cheese - null
[2019-02-21T10:33:08.866] [DEBUG] cheese - login => username:admin,password:123456
[2019-02-21T10:33:08.868] [DEBUG] cheese - admin
[2019-02-21T10:33:08.879] [DEBUG] cheese - null
[2019-02-21T10:33:08.880] [DEBUG] cheese - null
[2019-02-22T11:41:30.977] [DEBUG] cheese - login => username:admin,password:123456
[2019-02-22T11:41:30.980] [DEBUG] cheese - admin
[2019-02-22T11:41:31.051] [DEBUG] cheese - null
[2019-02-22T11:41:31.051] [DEBUG] cheese - null
[2019-02-22T11:53:28.634] [DEBUG] cheese - login => username:admin,password:123456
[2019-02-22T11:53:28.635] [DEBUG] cheese - admin
[2019-02-22T11:53:28.642] [DEBUG] cheese - null
[2019-02-22T11:53:28.642] [DEBUG] cheese - null
[2019-02-23T11:23:33.420] [DEBUG] cheese - login => username:admin,password:123456
[2019-02-23T11:23:33.422] [DEBUG] cheese - admin
[2019-02-23T11:23:33.468] [DEBUG] cheese - null
[2019-02-23T11:23:33.469] [DEBUG] cheese - null
[2019-02-23T11:23:44.999] [DEBUG] cheese - login => username:admin,password:123456
[2019-02-23T11:23:45.000] [DEBUG] cheese - admin
[2019-02-23T11:23:45.012] [DEBUG] cheese - null
[2019-02-23T11:23:45.012] [DEBUG] cheese - null
[2019-02-23T21:52:14.728] [DEBUG] cheese - null
[2019-02-23T21:53:07.125] [DEBUG] cheese - null
[2019-02-23T21:53:54.489] [DEBUG] cheese - null
[2019-02-23T21:57:13.232] [DEBUG] cheese - null
[2019-02-23T21:59:02.236] [DEBUG] cheese - null
[2019-02-23T21:59:42.359] [DEBUG] cheese - null
[2019-02-24T13:26:03.277] [DEBUG] cheese - login => username:admin,password:123456
[2019-02-24T13:26:03.280] [DEBUG] cheese - admin
[2019-02-24T13:26:03.328] [DEBUG] cheese - null
[2019-02-24T13:26:03.328] [DEBUG] cheese - null
[2019-02-24T13:55:19.601] [DEBUG] cheese - login => username:admin,password:123456
[2019-02-24T13:55:19.601] [DEBUG] cheese - admin
[2019-02-24T13:55:19.608] [DEBUG] cheese - null
[2019-02-24T13:55:19.608] [DEBUG] cheese - null
